2023-11-02 12:12:47,580 [Worker-6: Loading available Gradle versions] INFO  o.e.b.c.i.u.g.PublishedGradleVersions - Gradle version information cache is up-to-date. Trying to read.
2023-11-02 12:23:14,557 [Worker-21: Update Maven projects configuration] INFO  o.e.m.c.i.p.ProjectConfigurationManager - Update started
2023-11-02 12:23:18,237 [Worker-21: Update Maven projects configuration] INFO  o.e.m.c.i.l.LifecycleMappingFactory - Using org.eclipse.m2e.jdt.JarLifecycleMapping lifecycle mapping for MavenProject: advanced-java-development-2515082:advanced-java-development-2515082:1.0-SNAPSHOT @ C:\Users\asmas\Documents\advanced-java-development-2515082-main\advanced-java-development-2515082-main\pom.xml.
2023-11-02 12:23:21,156 [Worker-21: Update Maven projects configuration] INFO  o.e.m.j.i.AbstractJavaProjectConfigurator - Adding source folder /advanced-java-development-2515082-main/src/main/java
2023-11-02 12:23:21,173 [Worker-21: Update Maven projects configuration] INFO  o.e.m.j.i.AbstractJavaProjectConfigurator - Adding source folder /advanced-java-development-2515082-main/src/test/java
2023-11-02 12:23:23,943 [Worker-21: Update Maven projects configuration] INFO  o.e.m.c.i.p.ProjectConfigurationManager - Update completed: 9 sec
2023-11-02 12:23:24,855 [Worker-21: Building] WARN  o.e.m.c.i.embedder.EclipseLogger - Using platform encoding (Cp1252 actually) to copy filtered resources, i.e. build is platform dependent!
2023-11-02 12:23:24,856 [Worker-21: Building] INFO  o.e.m.c.i.embedder.EclipseLogger - skip non existing resourceDirectory C:\Users\asmas\Documents\advanced-java-development-2515082-main\advanced-java-development-2515082-main\src\main\resources
2023-11-02 12:23:24,860 [Worker-21: Building] WARN  o.e.m.c.i.embedder.EclipseLogger - Using platform encoding (Cp1252 actually) to copy filtered resources, i.e. build is platform dependent!
2023-11-02 12:23:24,861 [Worker-21: Building] INFO  o.e.m.c.i.embedder.EclipseLogger - skip non existing resourceDirectory C:\Users\asmas\Documents\advanced-java-development-2515082-main\advanced-java-development-2515082-main\src\test\resources
2023-11-02 12:24:36,011 [Worker-22: Building] WARN  o.e.m.c.i.embedder.EclipseLogger - Using platform encoding (Cp1252 actually) to copy filtered resources, i.e. build is platform dependent!
2023-11-02 12:24:36,012 [Worker-22: Building] INFO  o.e.m.c.i.embedder.EclipseLogger - skip non existing resourceDirectory C:\Users\asmas\Documents\advanced-java-development-2515082-main\advanced-java-development-2515082-main\src\main\resources
2023-11-02 12:24:36,015 [Worker-22: Building] WARN  o.e.m.c.i.embedder.EclipseLogger - Using platform encoding (Cp1252 actually) to copy filtered resources, i.e. build is platform dependent!
2023-11-02 12:24:36,016 [Worker-22: Building] INFO  o.e.m.c.i.embedder.EclipseLogger - skip non existing resourceDirectory C:\Users\asmas\Documents\advanced-java-development-2515082-main\advanced-java-development-2515082-main\src\test\resources
2023-11-02 12:25:02,914 [Worker-22: Building] WARN  o.e.m.c.i.embedder.EclipseLogger - Using platform encoding (Cp1252 actually) to copy filtered resources, i.e. build is platform dependent!
2023-11-02 12:25:02,915 [Worker-22: Building] INFO  o.e.m.c.i.embedder.EclipseLogger - skip non existing resourceDirectory C:\Users\asmas\Documents\advanced-java-development-2515082-main\advanced-java-development-2515082-main\src\main\resources
2023-11-02 12:25:02,917 [Worker-22: Building] WARN  o.e.m.c.i.embedder.EclipseLogger - Using platform encoding (Cp1252 actually) to copy filtered resources, i.e. build is platform dependent!
2023-11-02 12:25:02,918 [Worker-22: Building] INFO  o.e.m.c.i.embedder.EclipseLogger - skip non existing resourceDirectory C:\Users\asmas\Documents\advanced-java-development-2515082-main\advanced-java-development-2515082-main\src\test\resources
2023-11-02 12:25:39,726 [Worker-20: Building] WARN  o.e.m.c.i.embedder.EclipseLogger - Using platform encoding (Cp1252 actually) to copy filtered resources, i.e. build is platform dependent!
2023-11-02 12:25:39,728 [Worker-20: Building] INFO  o.e.m.c.i.embedder.EclipseLogger - skip non existing resourceDirectory C:\Users\asmas\Documents\advanced-java-development-2515082-main\advanced-java-development-2515082-main\src\main\resources
2023-11-02 12:25:39,731 [Worker-20: Building] WARN  o.e.m.c.i.embedder.EclipseLogger - Using platform encoding (Cp1252 actually) to copy filtered resources, i.e. build is platform dependent!
2023-11-02 12:25:39,733 [Worker-20: Building] INFO  o.e.m.c.i.embedder.EclipseLogger - skip non existing resourceDirectory C:\Users\asmas\Documents\advanced-java-development-2515082-main\advanced-java-development-2515082-main\src\test\resources
2023-11-02 12:26:46,994 [Worker-9: Building] WARN  o.e.m.c.i.embedder.EclipseLogger - Using platform encoding (Cp1252 actually) to copy filtered resources, i.e. build is platform dependent!
2023-11-02 12:26:46,995 [Worker-9: Building] INFO  o.e.m.c.i.embedder.EclipseLogger - skip non existing resourceDirectory C:\Users\asmas\Documents\advanced-java-development-2515082-main\advanced-java-development-2515082-main\src\main\resources
2023-11-02 12:26:46,999 [Worker-9: Building] WARN  o.e.m.c.i.embedder.EclipseLogger - Using platform encoding (Cp1252 actually) to copy filtered resources, i.e. build is platform dependent!
2023-11-02 12:26:47,000 [Worker-9: Building] INFO  o.e.m.c.i.embedder.EclipseLogger - skip non existing resourceDirectory C:\Users\asmas\Documents\advanced-java-development-2515082-main\advanced-java-development-2515082-main\src\test\resources
2023-11-02 12:27:12,760 [Worker-23: Building] WARN  o.e.m.c.i.embedder.EclipseLogger - Using platform encoding (Cp1252 actually) to copy filtered resources, i.e. build is platform dependent!
2023-11-02 12:27:12,761 [Worker-23: Building] INFO  o.e.m.c.i.embedder.EclipseLogger - skip non existing resourceDirectory C:\Users\asmas\Documents\advanced-java-development-2515082-main\advanced-java-development-2515082-main\src\main\resources
2023-11-02 12:27:12,763 [Worker-23: Building] WARN  o.e.m.c.i.embedder.EclipseLogger - Using platform encoding (Cp1252 actually) to copy filtered resources, i.e. build is platform dependent!
2023-11-02 12:27:12,764 [Worker-23: Building] INFO  o.e.m.c.i.embedder.EclipseLogger - skip non existing resourceDirectory C:\Users\asmas\Documents\advanced-java-development-2515082-main\advanced-java-development-2515082-main\src\test\resources
2023-11-02 12:27:29,067 [Worker-20: Building] WARN  o.e.m.c.i.embedder.EclipseLogger - Using platform encoding (Cp1252 actually) to copy filtered resources, i.e. build is platform dependent!
2023-11-02 12:27:29,068 [Worker-20: Building] INFO  o.e.m.c.i.embedder.EclipseLogger - skip non existing resourceDirectory C:\Users\asmas\Documents\advanced-java-development-2515082-main\advanced-java-development-2515082-main\src\main\resources
2023-11-02 12:27:29,070 [Worker-20: Building] WARN  o.e.m.c.i.embedder.EclipseLogger - Using platform encoding (Cp1252 actually) to copy filtered resources, i.e. build is platform dependent!
2023-11-02 12:27:29,072 [Worker-20: Building] INFO  o.e.m.c.i.embedder.EclipseLogger - skip non existing resourceDirectory C:\Users\asmas\Documents\advanced-java-development-2515082-main\advanced-java-development-2515082-main\src\test\resources
2023-11-02 12:27:44,650 [Worker-21: Building] WARN  o.e.m.c.i.embedder.EclipseLogger - Using platform encoding (Cp1252 actually) to copy filtered resources, i.e. build is platform dependent!
2023-11-02 12:27:44,651 [Worker-21: Building] INFO  o.e.m.c.i.embedder.EclipseLogger - skip non existing resourceDirectory C:\Users\asmas\Documents\advanced-java-development-2515082-main\advanced-java-development-2515082-main\src\main\resources
2023-11-02 12:27:44,656 [Worker-21: Building] WARN  o.e.m.c.i.embedder.EclipseLogger - Using platform encoding (Cp1252 actually) to copy filtered resources, i.e. build is platform dependent!
2023-11-02 12:27:44,657 [Worker-21: Building] INFO  o.e.m.c.i.embedder.EclipseLogger - skip non existing resourceDirectory C:\Users\asmas\Documents\advanced-java-development-2515082-main\advanced-java-development-2515082-main\src\test\resources
2023-11-02 12:27:49,059 [Worker-21: Building] WARN  o.e.m.c.i.embedder.EclipseLogger - Using platform encoding (Cp1252 actually) to copy filtered resources, i.e. build is platform dependent!
2023-11-02 12:27:49,060 [Worker-21: Building] INFO  o.e.m.c.i.embedder.EclipseLogger - skip non existing resourceDirectory C:\Users\asmas\Documents\advanced-java-development-2515082-main\advanced-java-development-2515082-main\src\main\resources
2023-11-02 12:27:49,062 [Worker-21: Building] WARN  o.e.m.c.i.embedder.EclipseLogger - Using platform encoding (Cp1252 actually) to copy filtered resources, i.e. build is platform dependent!
2023-11-02 12:27:49,063 [Worker-21: Building] INFO  o.e.m.c.i.embedder.EclipseLogger - skip non existing resourceDirectory C:\Users\asmas\Documents\advanced-java-development-2515082-main\advanced-java-development-2515082-main\src\test\resources
2023-11-02 12:28:19,857 [Worker-7: Building] WARN  o.e.m.c.i.embedder.EclipseLogger - Using platform encoding (Cp1252 actually) to copy filtered resources, i.e. build is platform dependent!
2023-11-02 12:28:19,858 [Worker-7: Building] INFO  o.e.m.c.i.embedder.EclipseLogger - skip non existing resourceDirectory C:\Users\asmas\Documents\advanced-java-development-2515082-main\advanced-java-development-2515082-main\src\main\resources
2023-11-02 12:28:19,861 [Worker-7: Building] WARN  o.e.m.c.i.embedder.EclipseLogger - Using platform encoding (Cp1252 actually) to copy filtered resources, i.e. build is platform dependent!
2023-11-02 12:28:19,863 [Worker-7: Building] INFO  o.e.m.c.i.embedder.EclipseLogger - skip non existing resourceDirectory C:\Users\asmas\Documents\advanced-java-development-2515082-main\advanced-java-development-2515082-main\src\test\resources
2023-11-02 12:49:16,935 [Worker-26: Building] WARN  o.e.m.c.i.embedder.EclipseLogger - Using platform encoding (Cp1252 actually) to copy filtered resources, i.e. build is platform dependent!
2023-11-02 12:49:16,937 [Worker-26: Building] INFO  o.e.m.c.i.embedder.EclipseLogger - skip non existing resourceDirectory C:\Users\asmas\Documents\advanced-java-development-2515082-main\advanced-java-development-2515082-main\src\main\resources
2023-11-02 12:49:16,941 [Worker-26: Building] WARN  o.e.m.c.i.embedder.EclipseLogger - Using platform encoding (Cp1252 actually) to copy filtered resources, i.e. build is platform dependent!
2023-11-02 12:49:16,942 [Worker-26: Building] INFO  o.e.m.c.i.embedder.EclipseLogger - skip non existing resourceDirectory C:\Users\asmas\Documents\advanced-java-development-2515082-main\advanced-java-development-2515082-main\src\test\resources
2023-11-02 12:49:47,034 [Worker-23: Building] WARN  o.e.m.c.i.embedder.EclipseLogger - Using platform encoding (Cp1252 actually) to copy filtered resources, i.e. build is platform dependent!
2023-11-02 12:49:47,035 [Worker-23: Building] INFO  o.e.m.c.i.embedder.EclipseLogger - skip non existing resourceDirectory C:\Users\asmas\Documents\advanced-java-development-2515082-main\advanced-java-development-2515082-main\src\main\resources
2023-11-02 12:49:47,038 [Worker-23: Building] WARN  o.e.m.c.i.embedder.EclipseLogger - Using platform encoding (Cp1252 actually) to copy filtered resources, i.e. build is platform dependent!
2023-11-02 12:49:47,039 [Worker-23: Building] INFO  o.e.m.c.i.embedder.EclipseLogger - skip non existing resourceDirectory C:\Users\asmas\Documents\advanced-java-development-2515082-main\advanced-java-development-2515082-main\src\test\resources
2023-11-02 12:50:16,165 [Worker-27: Building] WARN  o.e.m.c.i.embedder.EclipseLogger - Using platform encoding (Cp1252 actually) to copy filtered resources, i.e. build is platform dependent!
2023-11-02 12:50:16,166 [Worker-27: Building] INFO  o.e.m.c.i.embedder.EclipseLogger - skip non existing resourceDirectory C:\Users\asmas\Documents\advanced-java-development-2515082-main\advanced-java-development-2515082-main\src\main\resources
2023-11-02 12:50:16,168 [Worker-27: Building] WARN  o.e.m.c.i.embedder.EclipseLogger - Using platform encoding (Cp1252 actually) to copy filtered resources, i.e. build is platform dependent!
2023-11-02 12:50:16,169 [Worker-27: Building] INFO  o.e.m.c.i.embedder.EclipseLogger - skip non existing resourceDirectory C:\Users\asmas\Documents\advanced-java-development-2515082-main\advanced-java-development-2515082-main\src\test\resources
2023-11-02 12:50:32,737 [Worker-26: Building] WARN  o.e.m.c.i.embedder.EclipseLogger - Using platform encoding (Cp1252 actually) to copy filtered resources, i.e. build is platform dependent!
2023-11-02 12:50:32,738 [Worker-26: Building] INFO  o.e.m.c.i.embedder.EclipseLogger - skip non existing resourceDirectory C:\Users\asmas\Documents\advanced-java-development-2515082-main\advanced-java-development-2515082-main\src\main\resources
2023-11-02 12:50:32,740 [Worker-26: Building] WARN  o.e.m.c.i.embedder.EclipseLogger - Using platform encoding (Cp1252 actually) to copy filtered resources, i.e. build is platform dependent!
2023-11-02 12:50:32,741 [Worker-26: Building] INFO  o.e.m.c.i.embedder.EclipseLogger - skip non existing resourceDirectory C:\Users\asmas\Documents\advanced-java-development-2515082-main\advanced-java-development-2515082-main\src\test\resources
2023-11-02 12:50:51,421 [Worker-27: Building] WARN  o.e.m.c.i.embedder.EclipseLogger - Using platform encoding (Cp1252 actually) to copy filtered resources, i.e. build is platform dependent!
2023-11-02 12:50:51,422 [Worker-27: Building] INFO  o.e.m.c.i.embedder.EclipseLogger - skip non existing resourceDirectory C:\Users\asmas\Documents\advanced-java-development-2515082-main\advanced-java-development-2515082-main\src\main\resources
2023-11-02 12:50:51,424 [Worker-27: Building] WARN  o.e.m.c.i.embedder.EclipseLogger - Using platform encoding (Cp1252 actually) to copy filtered resources, i.e. build is platform dependent!
2023-11-02 12:50:51,425 [Worker-27: Building] INFO  o.e.m.c.i.embedder.EclipseLogger - skip non existing resourceDirectory C:\Users\asmas\Documents\advanced-java-development-2515082-main\advanced-java-development-2515082-main\src\test\resources
2023-11-02 12:51:27,695 [Worker-26: Building] WARN  o.e.m.c.i.embedder.EclipseLogger - Using platform encoding (Cp1252 actually) to copy filtered resources, i.e. build is platform dependent!
2023-11-02 12:51:27,696 [Worker-26: Building] INFO  o.e.m.c.i.embedder.EclipseLogger - skip non existing resourceDirectory C:\Users\asmas\Documents\advanced-java-development-2515082-main\advanced-java-development-2515082-main\src\main\resources
2023-11-02 12:51:27,700 [Worker-26: Building] WARN  o.e.m.c.i.embedder.EclipseLogger - Using platform encoding (Cp1252 actually) to copy filtered resources, i.e. build is platform dependent!
2023-11-02 12:51:27,701 [Worker-26: Building] INFO  o.e.m.c.i.embedder.EclipseLogger - skip non existing resourceDirectory C:\Users\asmas\Documents\advanced-java-development-2515082-main\advanced-java-development-2515082-main\src\test\resources
2023-11-02 12:52:19,900 [Worker-27: Building] WARN  o.e.m.c.i.embedder.EclipseLogger - Using platform encoding (Cp1252 actually) to copy filtered resources, i.e. build is platform dependent!
2023-11-02 12:52:19,901 [Worker-27: Building] INFO  o.e.m.c.i.embedder.EclipseLogger - skip non existing resourceDirectory C:\Users\asmas\Documents\advanced-java-development-2515082-main\advanced-java-development-2515082-main\src\main\resources
2023-11-02 12:52:19,903 [Worker-27: Building] WARN  o.e.m.c.i.embedder.EclipseLogger - Using platform encoding (Cp1252 actually) to copy filtered resources, i.e. build is platform dependent!
2023-11-02 12:52:19,904 [Worker-27: Building] INFO  o.e.m.c.i.embedder.EclipseLogger - skip non existing resourceDirectory C:\Users\asmas\Documents\advanced-java-development-2515082-main\advanced-java-development-2515082-main\src\test\resources
2023-11-02 12:52:23,977 [Worker-26: Building] WARN  o.e.m.c.i.embedder.EclipseLogger - Using platform encoding (Cp1252 actually) to copy filtered resources, i.e. build is platform dependent!
2023-11-02 12:52:23,978 [Worker-26: Building] INFO  o.e.m.c.i.embedder.EclipseLogger - skip non existing resourceDirectory C:\Users\asmas\Documents\advanced-java-development-2515082-main\advanced-java-development-2515082-main\src\main\resources
2023-11-02 12:52:23,981 [Worker-26: Building] WARN  o.e.m.c.i.embedder.EclipseLogger - Using platform encoding (Cp1252 actually) to copy filtered resources, i.e. build is platform dependent!
2023-11-02 12:52:23,982 [Worker-26: Building] INFO  o.e.m.c.i.embedder.EclipseLogger - skip non existing resourceDirectory C:\Users\asmas\Documents\advanced-java-development-2515082-main\advanced-java-development-2515082-main\src\test\resources
2023-11-02 12:53:49,281 [Worker-21: Building] WARN  o.e.m.c.i.embedder.EclipseLogger - Using platform encoding (Cp1252 actually) to copy filtered resources, i.e. build is platform dependent!
2023-11-02 12:53:49,282 [Worker-21: Building] INFO  o.e.m.c.i.embedder.EclipseLogger - skip non existing resourceDirectory C:\Users\asmas\Documents\advanced-java-development-2515082-main\advanced-java-development-2515082-main\src\main\resources
2023-11-02 12:53:49,284 [Worker-21: Building] WARN  o.e.m.c.i.embedder.EclipseLogger - Using platform encoding (Cp1252 actually) to copy filtered resources, i.e. build is platform dependent!
2023-11-02 12:53:49,285 [Worker-21: Building] INFO  o.e.m.c.i.embedder.EclipseLogger - skip non existing resourceDirectory C:\Users\asmas\Documents\advanced-java-development-2515082-main\advanced-java-development-2515082-main\src\test\resources
2023-11-02 12:56:15,955 [Worker-29: Building] WARN  o.e.m.c.i.embedder.EclipseLogger - Using platform encoding (Cp1252 actually) to copy filtered resources, i.e. build is platform dependent!
2023-11-02 12:56:15,957 [Worker-29: Building] INFO  o.e.m.c.i.embedder.EclipseLogger - skip non existing resourceDirectory C:\Users\asmas\Documents\advanced-java-development-2515082-main\advanced-java-development-2515082-main\src\main\resources
2023-11-02 12:56:15,959 [Worker-29: Building] WARN  o.e.m.c.i.embedder.EclipseLogger - Using platform encoding (Cp1252 actually) to copy filtered resources, i.e. build is platform dependent!
2023-11-02 12:56:15,960 [Worker-29: Building] INFO  o.e.m.c.i.embedder.EclipseLogger - skip non existing resourceDirectory C:\Users\asmas\Documents\advanced-java-development-2515082-main\advanced-java-development-2515082-main\src\test\resources
2023-11-02 12:56:55,726 [Worker-23: Building] WARN  o.e.m.c.i.embedder.EclipseLogger - Using platform encoding (Cp1252 actually) to copy filtered resources, i.e. build is platform dependent!
2023-11-02 12:56:55,728 [Worker-23: Building] INFO  o.e.m.c.i.embedder.EclipseLogger - skip non existing resourceDirectory C:\Users\asmas\Documents\advanced-java-development-2515082-main\advanced-java-development-2515082-main\src\main\resources
2023-11-02 12:56:55,729 [Worker-23: Building] WARN  o.e.m.c.i.embedder.EclipseLogger - Using platform encoding (Cp1252 actually) to copy filtered resources, i.e. build is platform dependent!
2023-11-02 12:56:55,730 [Worker-23: Building] INFO  o.e.m.c.i.embedder.EclipseLogger - skip non existing resourceDirectory C:\Users\asmas\Documents\advanced-java-development-2515082-main\advanced-java-development-2515082-main\src\test\resources
2023-11-02 12:57:03,480 [Worker-30: Building] WARN  o.e.m.c.i.embedder.EclipseLogger - Using platform encoding (Cp1252 actually) to copy filtered resources, i.e. build is platform dependent!
2023-11-02 12:57:03,481 [Worker-30: Building] INFO  o.e.m.c.i.embedder.EclipseLogger - skip non existing resourceDirectory C:\Users\asmas\Documents\advanced-java-development-2515082-main\advanced-java-development-2515082-main\src\main\resources
2023-11-02 12:57:03,484 [Worker-30: Building] WARN  o.e.m.c.i.embedder.EclipseLogger - Using platform encoding (Cp1252 actually) to copy filtered resources, i.e. build is platform dependent!
2023-11-02 12:57:03,486 [Worker-30: Building] INFO  o.e.m.c.i.embedder.EclipseLogger - skip non existing resourceDirectory C:\Users\asmas\Documents\advanced-java-development-2515082-main\advanced-java-development-2515082-main\src\test\resources
2023-11-02 12:57:13,566 [Worker-30: Building] WARN  o.e.m.c.i.embedder.EclipseLogger - Using platform encoding (Cp1252 actually) to copy filtered resources, i.e. build is platform dependent!
2023-11-02 12:57:13,567 [Worker-30: Building] INFO  o.e.m.c.i.embedder.EclipseLogger - skip non existing resourceDirectory C:\Users\asmas\Documents\advanced-java-development-2515082-main\advanced-java-development-2515082-main\src\main\resources
2023-11-02 12:57:13,568 [Worker-30: Building] WARN  o.e.m.c.i.embedder.EclipseLogger - Using platform encoding (Cp1252 actually) to copy filtered resources, i.e. build is platform dependent!
2023-11-02 12:57:13,570 [Worker-30: Building] INFO  o.e.m.c.i.embedder.EclipseLogger - skip non existing resourceDirectory C:\Users\asmas\Documents\advanced-java-development-2515082-main\advanced-java-development-2515082-main\src\test\resources
2023-11-02 13:00:20,079 [Worker-31: Building] WARN  o.e.m.c.i.embedder.EclipseLogger - Using platform encoding (Cp1252 actually) to copy filtered resources, i.e. build is platform dependent!
2023-11-02 13:00:20,081 [Worker-31: Building] INFO  o.e.m.c.i.embedder.EclipseLogger - skip non existing resourceDirectory C:\Users\asmas\Documents\advanced-java-development-2515082-main\advanced-java-development-2515082-main\src\main\resources
2023-11-02 13:00:20,082 [Worker-31: Building] WARN  o.e.m.c.i.embedder.EclipseLogger - Using platform encoding (Cp1252 actually) to copy filtered resources, i.e. build is platform dependent!
2023-11-02 13:00:20,083 [Worker-31: Building] INFO  o.e.m.c.i.embedder.EclipseLogger - skip non existing resourceDirectory C:\Users\asmas\Documents\advanced-java-development-2515082-main\advanced-java-development-2515082-main\src\test\resources
2023-11-02 13:00:34,510 [Worker-33: Building] WARN  o.e.m.c.i.embedder.EclipseLogger - Using platform encoding (Cp1252 actually) to copy filtered resources, i.e. build is platform dependent!
2023-11-02 13:00:34,511 [Worker-33: Building] INFO  o.e.m.c.i.embedder.EclipseLogger - skip non existing resourceDirectory C:\Users\asmas\Documents\advanced-java-development-2515082-main\advanced-java-development-2515082-main\src\main\resources
2023-11-02 13:00:34,513 [Worker-33: Building] WARN  o.e.m.c.i.embedder.EclipseLogger - Using platform encoding (Cp1252 actually) to copy filtered resources, i.e. build is platform dependent!
2023-11-02 13:00:34,514 [Worker-33: Building] INFO  o.e.m.c.i.embedder.EclipseLogger - skip non existing resourceDirectory C:\Users\asmas\Documents\advanced-java-development-2515082-main\advanced-java-development-2515082-main\src\test\resources
2023-11-02 13:00:53,164 [Worker-33: Building] WARN  o.e.m.c.i.embedder.EclipseLogger - Using platform encoding (Cp1252 actually) to copy filtered resources, i.e. build is platform dependent!
2023-11-02 13:00:53,165 [Worker-33: Building] INFO  o.e.m.c.i.embedder.EclipseLogger - skip non existing resourceDirectory C:\Users\asmas\Documents\advanced-java-development-2515082-main\advanced-java-development-2515082-main\src\main\resources
2023-11-02 13:00:53,168 [Worker-33: Building] WARN  o.e.m.c.i.embedder.EclipseLogger - Using platform encoding (Cp1252 actually) to copy filtered resources, i.e. build is platform dependent!
2023-11-02 13:00:53,169 [Worker-33: Building] INFO  o.e.m.c.i.embedder.EclipseLogger - skip non existing resourceDirectory C:\Users\asmas\Documents\advanced-java-development-2515082-main\advanced-java-development-2515082-main\src\test\resources
2023-11-02 13:01:20,944 [Worker-21: Building] WARN  o.e.m.c.i.embedder.EclipseLogger - Using platform encoding (Cp1252 actually) to copy filtered resources, i.e. build is platform dependent!
2023-11-02 13:01:20,945 [Worker-21: Building] INFO  o.e.m.c.i.embedder.EclipseLogger - skip non existing resourceDirectory C:\Users\asmas\Documents\advanced-java-development-2515082-main\advanced-java-development-2515082-main\src\main\resources
2023-11-02 13:01:20,947 [Worker-21: Building] WARN  o.e.m.c.i.embedder.EclipseLogger - Using platform encoding (Cp1252 actually) to copy filtered resources, i.e. build is platform dependent!
2023-11-02 13:01:20,948 [Worker-21: Building] INFO  o.e.m.c.i.embedder.EclipseLogger - skip non existing resourceDirectory C:\Users\asmas\Documents\advanced-java-development-2515082-main\advanced-java-development-2515082-main\src\test\resources
2023-11-02 13:01:59,220 [Worker-31: Building] WARN  o.e.m.c.i.embedder.EclipseLogger - Using platform encoding (Cp1252 actually) to copy filtered resources, i.e. build is platform dependent!
2023-11-02 13:01:59,221 [Worker-31: Building] INFO  o.e.m.c.i.embedder.EclipseLogger - skip non existing resourceDirectory C:\Users\asmas\Documents\advanced-java-development-2515082-main\advanced-java-development-2515082-main\src\main\resources
2023-11-02 13:01:59,223 [Worker-31: Building] WARN  o.e.m.c.i.embedder.EclipseLogger - Using platform encoding (Cp1252 actually) to copy filtered resources, i.e. build is platform dependent!
2023-11-02 13:01:59,224 [Worker-31: Building] INFO  o.e.m.c.i.embedder.EclipseLogger - skip non existing resourceDirectory C:\Users\asmas\Documents\advanced-java-development-2515082-main\advanced-java-development-2515082-main\src\test\resources
2023-11-02 13:02:40,082 [Worker-21: Building Workspace] WARN  o.e.m.c.i.embedder.EclipseLogger - Using platform encoding (Cp1252 actually) to copy filtered resources, i.e. build is platform dependent!
2023-11-02 13:02:40,085 [Worker-21: Building Workspace] INFO  o.e.m.c.i.embedder.EclipseLogger - skip non existing resourceDirectory C:\Users\asmas\Documents\advanced-java-development-2515082-main\advanced-java-development-2515082-main\src\main\resources
2023-11-02 13:02:40,087 [Worker-21: Building Workspace] WARN  o.e.m.c.i.embedder.EclipseLogger - Using platform encoding (Cp1252 actually) to copy filtered resources, i.e. build is platform dependent!
2023-11-02 13:02:40,088 [Worker-21: Building Workspace] INFO  o.e.m.c.i.embedder.EclipseLogger - skip non existing resourceDirectory C:\Users\asmas\Documents\advanced-java-development-2515082-main\advanced-java-development-2515082-main\src\test\resources
2023-11-02 13:03:44,159 [Worker-31: Building] WARN  o.e.m.c.i.embedder.EclipseLogger - Using platform encoding (Cp1252 actually) to copy filtered resources, i.e. build is platform dependent!
2023-11-02 13:03:44,161 [Worker-31: Building] INFO  o.e.m.c.i.embedder.EclipseLogger - skip non existing resourceDirectory C:\Users\asmas\Documents\advanced-java-development-2515082-main\advanced-java-development-2515082-main\src\main\resources
2023-11-02 13:03:44,164 [Worker-31: Building] WARN  o.e.m.c.i.embedder.EclipseLogger - Using platform encoding (Cp1252 actually) to copy filtered resources, i.e. build is platform dependent!
2023-11-02 13:03:44,165 [Worker-31: Building] INFO  o.e.m.c.i.embedder.EclipseLogger - skip non existing resourceDirectory C:\Users\asmas\Documents\advanced-java-development-2515082-main\advanced-java-development-2515082-main\src\test\resources
2023-11-02 13:03:58,530 [Worker-34: Building] WARN  o.e.m.c.i.embedder.EclipseLogger - Using platform encoding (Cp1252 actually) to copy filtered resources, i.e. build is platform dependent!
2023-11-02 13:03:58,531 [Worker-34: Building] INFO  o.e.m.c.i.embedder.EclipseLogger - skip non existing resourceDirectory C:\Users\asmas\Documents\advanced-java-development-2515082-main\advanced-java-development-2515082-main\src\main\resources
2023-11-02 13:03:58,534 [Worker-34: Building] WARN  o.e.m.c.i.embedder.EclipseLogger - Using platform encoding (Cp1252 actually) to copy filtered resources, i.e. build is platform dependent!
2023-11-02 13:03:58,535 [Worker-34: Building] INFO  o.e.m.c.i.embedder.EclipseLogger - skip non existing resourceDirectory C:\Users\asmas\Documents\advanced-java-development-2515082-main\advanced-java-development-2515082-main\src\test\resources
2023-11-02 13:04:23,391 [Worker-34: Building] WARN  o.e.m.c.i.embedder.EclipseLogger - Using platform encoding (Cp1252 actually) to copy filtered resources, i.e. build is platform dependent!
2023-11-02 13:04:23,393 [Worker-34: Building] INFO  o.e.m.c.i.embedder.EclipseLogger - skip non existing resourceDirectory C:\Users\asmas\Documents\advanced-java-development-2515082-main\advanced-java-development-2515082-main\src\main\resources
2023-11-02 13:04:23,394 [Worker-34: Building] WARN  o.e.m.c.i.embedder.EclipseLogger - Using platform encoding (Cp1252 actually) to copy filtered resources, i.e. build is platform dependent!
2023-11-02 13:04:23,395 [Worker-34: Building] INFO  o.e.m.c.i.embedder.EclipseLogger - skip non existing resourceDirectory C:\Users\asmas\Documents\advanced-java-development-2515082-main\advanced-java-development-2515082-main\src\test\resources
2023-11-02 13:05:59,606 [Worker-34: Building] WARN  o.e.m.c.i.embedder.EclipseLogger - Using platform encoding (Cp1252 actually) to copy filtered resources, i.e. build is platform dependent!
2023-11-02 13:05:59,607 [Worker-34: Building] INFO  o.e.m.c.i.embedder.EclipseLogger - skip non existing resourceDirectory C:\Users\asmas\Documents\advanced-java-development-2515082-main\advanced-java-development-2515082-main\src\main\resources
2023-11-02 13:05:59,611 [Worker-34: Building] WARN  o.e.m.c.i.embedder.EclipseLogger - Using platform encoding (Cp1252 actually) to copy filtered resources, i.e. build is platform dependent!
2023-11-02 13:05:59,612 [Worker-34: Building] INFO  o.e.m.c.i.embedder.EclipseLogger - skip non existing resourceDirectory C:\Users\asmas\Documents\advanced-java-development-2515082-main\advanced-java-development-2515082-main\src\test\resources
2023-11-02 13:06:35,837 [Worker-35: Building] WARN  o.e.m.c.i.embedder.EclipseLogger - Using platform encoding (Cp1252 actually) to copy filtered resources, i.e. build is platform dependent!
2023-11-02 13:06:35,838 [Worker-35: Building] INFO  o.e.m.c.i.embedder.EclipseLogger - skip non existing resourceDirectory C:\Users\asmas\Documents\advanced-java-development-2515082-main\advanced-java-development-2515082-main\src\main\resources
2023-11-02 13:06:35,841 [Worker-35: Building] WARN  o.e.m.c.i.embedder.EclipseLogger - Using platform encoding (Cp1252 actually) to copy filtered resources, i.e. build is platform dependent!
2023-11-02 13:06:35,842 [Worker-35: Building] INFO  o.e.m.c.i.embedder.EclipseLogger - skip non existing resourceDirectory C:\Users\asmas\Documents\advanced-java-development-2515082-main\advanced-java-development-2515082-main\src\test\resources
2023-11-02 13:06:57,490 [Worker-32: Building] WARN  o.e.m.c.i.embedder.EclipseLogger - Using platform encoding (Cp1252 actually) to copy filtered resources, i.e. build is platform dependent!
2023-11-02 13:06:57,491 [Worker-32: Building] INFO  o.e.m.c.i.embedder.EclipseLogger - skip non existing resourceDirectory C:\Users\asmas\Documents\advanced-java-development-2515082-main\advanced-java-development-2515082-main\src\main\resources
2023-11-02 13:06:57,494 [Worker-32: Building] WARN  o.e.m.c.i.embedder.EclipseLogger - Using platform encoding (Cp1252 actually) to copy filtered resources, i.e. build is platform dependent!
2023-11-02 13:06:57,495 [Worker-32: Building] INFO  o.e.m.c.i.embedder.EclipseLogger - skip non existing resourceDirectory C:\Users\asmas\Documents\advanced-java-development-2515082-main\advanced-java-development-2515082-main\src\test\resources
2023-11-02 13:07:26,358 [Worker-23: Building] WARN  o.e.m.c.i.embedder.EclipseLogger - Using platform encoding (Cp1252 actually) to copy filtered resources, i.e. build is platform dependent!
2023-11-02 13:07:26,359 [Worker-23: Building] INFO  o.e.m.c.i.embedder.EclipseLogger - skip non existing resourceDirectory C:\Users\asmas\Documents\advanced-java-development-2515082-main\advanced-java-development-2515082-main\src\main\resources
2023-11-02 13:07:26,363 [Worker-23: Building] WARN  o.e.m.c.i.embedder.EclipseLogger - Using platform encoding (Cp1252 actually) to copy filtered resources, i.e. build is platform dependent!
2023-11-02 13:07:26,365 [Worker-23: Building] INFO  o.e.m.c.i.embedder.EclipseLogger - skip non existing resourceDirectory C:\Users\asmas\Documents\advanced-java-development-2515082-main\advanced-java-development-2515082-main\src\test\resources
2023-11-02 13:07:56,502 [Worker-23: Building] WARN  o.e.m.c.i.embedder.EclipseLogger - Using platform encoding (Cp1252 actually) to copy filtered resources, i.e. build is platform dependent!
2023-11-02 13:07:56,503 [Worker-23: Building] INFO  o.e.m.c.i.embedder.EclipseLogger - skip non existing resourceDirectory C:\Users\asmas\Documents\advanced-java-development-2515082-main\advanced-java-development-2515082-main\src\main\resources
2023-11-02 13:07:56,505 [Worker-23: Building] WARN  o.e.m.c.i.embedder.EclipseLogger - Using platform encoding (Cp1252 actually) to copy filtered resources, i.e. build is platform dependent!
2023-11-02 13:07:56,506 [Worker-23: Building] INFO  o.e.m.c.i.embedder.EclipseLogger - skip non existing resourceDirectory C:\Users\asmas\Documents\advanced-java-development-2515082-main\advanced-java-development-2515082-main\src\test\resources
2023-11-02 13:09:20,209 [Worker-33: Building] WARN  o.e.m.c.i.embedder.EclipseLogger - Using platform encoding (Cp1252 actually) to copy filtered resources, i.e. build is platform dependent!
2023-11-02 13:09:20,210 [Worker-33: Building] INFO  o.e.m.c.i.embedder.EclipseLogger - skip non existing resourceDirectory C:\Users\asmas\Documents\advanced-java-development-2515082-main\advanced-java-development-2515082-main\src\main\resources
2023-11-02 13:09:20,212 [Worker-33: Building] WARN  o.e.m.c.i.embedder.EclipseLogger - Using platform encoding (Cp1252 actually) to copy filtered resources, i.e. build is platform dependent!
2023-11-02 13:09:20,214 [Worker-33: Building] INFO  o.e.m.c.i.embedder.EclipseLogger - skip non existing resourceDirectory C:\Users\asmas\Documents\advanced-java-development-2515082-main\advanced-java-development-2515082-main\src\test\resources
2023-11-02 13:09:36,783 [Worker-21: Building] WARN  o.e.m.c.i.embedder.EclipseLogger - Using platform encoding (Cp1252 actually) to copy filtered resources, i.e. build is platform dependent!
2023-11-02 13:09:36,784 [Worker-21: Building] INFO  o.e.m.c.i.embedder.EclipseLogger - skip non existing resourceDirectory C:\Users\asmas\Documents\advanced-java-development-2515082-main\advanced-java-development-2515082-main\src\main\resources
2023-11-02 13:09:36,787 [Worker-21: Building] WARN  o.e.m.c.i.embedder.EclipseLogger - Using platform encoding (Cp1252 actually) to copy filtered resources, i.e. build is platform dependent!
2023-11-02 13:09:36,788 [Worker-21: Building] INFO  o.e.m.c.i.embedder.EclipseLogger - skip non existing resourceDirectory C:\Users\asmas\Documents\advanced-java-development-2515082-main\advanced-java-development-2515082-main\src\test\resources
2023-11-02 13:09:55,432 [Worker-34: Building] WARN  o.e.m.c.i.embedder.EclipseLogger - Using platform encoding (Cp1252 actually) to copy filtered resources, i.e. build is platform dependent!
2023-11-02 13:09:55,433 [Worker-34: Building] INFO  o.e.m.c.i.embedder.EclipseLogger - skip non existing resourceDirectory C:\Users\asmas\Documents\advanced-java-development-2515082-main\advanced-java-development-2515082-main\src\main\resources
2023-11-02 13:09:55,435 [Worker-34: Building] WARN  o.e.m.c.i.embedder.EclipseLogger - Using platform encoding (Cp1252 actually) to copy filtered resources, i.e. build is platform dependent!
2023-11-02 13:09:55,436 [Worker-34: Building] INFO  o.e.m.c.i.embedder.EclipseLogger - skip non existing resourceDirectory C:\Users\asmas\Documents\advanced-java-development-2515082-main\advanced-java-development-2515082-main\src\test\resources
2023-11-02 13:10:15,769 [Worker-36: Building] WARN  o.e.m.c.i.embedder.EclipseLogger - Using platform encoding (Cp1252 actually) to copy filtered resources, i.e. build is platform dependent!
2023-11-02 13:10:15,771 [Worker-36: Building] INFO  o.e.m.c.i.embedder.EclipseLogger - skip non existing resourceDirectory C:\Users\asmas\Documents\advanced-java-development-2515082-main\advanced-java-development-2515082-main\src\main\resources
2023-11-02 13:10:15,772 [Worker-36: Building] WARN  o.e.m.c.i.embedder.EclipseLogger - Using platform encoding (Cp1252 actually) to copy filtered resources, i.e. build is platform dependent!
2023-11-02 13:10:15,774 [Worker-36: Building] INFO  o.e.m.c.i.embedder.EclipseLogger - skip non existing resourceDirectory C:\Users\asmas\Documents\advanced-java-development-2515082-main\advanced-java-development-2515082-main\src\test\resources
2023-11-02 13:10:53,682 [Worker-21: Building] WARN  o.e.m.c.i.embedder.EclipseLogger - Using platform encoding (Cp1252 actually) to copy filtered resources, i.e. build is platform dependent!
2023-11-02 13:10:53,683 [Worker-21: Building] INFO  o.e.m.c.i.embedder.EclipseLogger - skip non existing resourceDirectory C:\Users\asmas\Documents\advanced-java-development-2515082-main\advanced-java-development-2515082-main\src\main\resources
2023-11-02 13:10:53,685 [Worker-21: Building] WARN  o.e.m.c.i.embedder.EclipseLogger - Using platform encoding (Cp1252 actually) to copy filtered resources, i.e. build is platform dependent!
2023-11-02 13:10:53,686 [Worker-21: Building] INFO  o.e.m.c.i.embedder.EclipseLogger - skip non existing resourceDirectory C:\Users\asmas\Documents\advanced-java-development-2515082-main\advanced-java-development-2515082-main\src\test\resources
2023-11-02 13:11:13,291 [Worker-33: Building] WARN  o.e.m.c.i.embedder.EclipseLogger - Using platform encoding (Cp1252 actually) to copy filtered resources, i.e. build is platform dependent!
2023-11-02 13:11:13,292 [Worker-33: Building] INFO  o.e.m.c.i.embedder.EclipseLogger - skip non existing resourceDirectory C:\Users\asmas\Documents\advanced-java-development-2515082-main\advanced-java-development-2515082-main\src\main\resources
2023-11-02 13:11:13,294 [Worker-33: Building] WARN  o.e.m.c.i.embedder.EclipseLogger - Using platform encoding (Cp1252 actually) to copy filtered resources, i.e. build is platform dependent!
2023-11-02 13:11:13,295 [Worker-33: Building] INFO  o.e.m.c.i.embedder.EclipseLogger - skip non existing resourceDirectory C:\Users\asmas\Documents\advanced-java-development-2515082-main\advanced-java-development-2515082-main\src\test\resources
2023-11-02 13:12:00,908 [Worker-31: Building] WARN  o.e.m.c.i.embedder.EclipseLogger - Using platform encoding (Cp1252 actually) to copy filtered resources, i.e. build is platform dependent!
2023-11-02 13:12:00,909 [Worker-31: Building] INFO  o.e.m.c.i.embedder.EclipseLogger - skip non existing resourceDirectory C:\Users\asmas\Documents\advanced-java-development-2515082-main\advanced-java-development-2515082-main\src\main\resources
2023-11-02 13:12:00,912 [Worker-31: Building] WARN  o.e.m.c.i.embedder.EclipseLogger - Using platform encoding (Cp1252 actually) to copy filtered resources, i.e. build is platform dependent!
2023-11-02 13:12:00,913 [Worker-31: Building] INFO  o.e.m.c.i.embedder.EclipseLogger - skip non existing resourceDirectory C:\Users\asmas\Documents\advanced-java-development-2515082-main\advanced-java-development-2515082-main\src\test\resources
2023-11-02 13:12:24,213 [Worker-36: Building] WARN  o.e.m.c.i.embedder.EclipseLogger - Using platform encoding (Cp1252 actually) to copy filtered resources, i.e. build is platform dependent!
2023-11-02 13:12:24,215 [Worker-36: Building] INFO  o.e.m.c.i.embedder.EclipseLogger - skip non existing resourceDirectory C:\Users\asmas\Documents\advanced-java-development-2515082-main\advanced-java-development-2515082-main\src\main\resources
2023-11-02 13:12:24,217 [Worker-36: Building] WARN  o.e.m.c.i.embedder.EclipseLogger - Using platform encoding (Cp1252 actually) to copy filtered resources, i.e. build is platform dependent!
2023-11-02 13:12:24,218 [Worker-36: Building] INFO  o.e.m.c.i.embedder.EclipseLogger - skip non existing resourceDirectory C:\Users\asmas\Documents\advanced-java-development-2515082-main\advanced-java-development-2515082-main\src\test\resources
2023-11-02 13:12:46,551 [Worker-31: Building] WARN  o.e.m.c.i.embedder.EclipseLogger - Using platform encoding (Cp1252 actually) to copy filtered resources, i.e. build is platform dependent!
2023-11-02 13:12:46,552 [Worker-31: Building] INFO  o.e.m.c.i.embedder.EclipseLogger - skip non existing resourceDirectory C:\Users\asmas\Documents\advanced-java-development-2515082-main\advanced-java-development-2515082-main\src\main\resources
2023-11-02 13:12:46,555 [Worker-31: Building] WARN  o.e.m.c.i.embedder.EclipseLogger - Using platform encoding (Cp1252 actually) to copy filtered resources, i.e. build is platform dependent!
2023-11-02 13:12:46,556 [Worker-31: Building] INFO  o.e.m.c.i.embedder.EclipseLogger - skip non existing resourceDirectory C:\Users\asmas\Documents\advanced-java-development-2515082-main\advanced-java-development-2515082-main\src\test\resources
2023-11-02 13:12:53,492 [Worker-33: Launching TicketMachine] WARN  o.e.m.c.i.embedder.EclipseLogger - Using platform encoding (Cp1252 actually) to copy filtered resources, i.e. build is platform dependent!
2023-11-02 13:12:53,494 [Worker-33: Launching TicketMachine] INFO  o.e.m.c.i.embedder.EclipseLogger - skip non existing resourceDirectory C:\Users\asmas\Documents\advanced-java-development-2515082-main\advanced-java-development-2515082-main\src\main\resources
2023-11-02 13:12:53,495 [Worker-33: Launching TicketMachine] WARN  o.e.m.c.i.embedder.EclipseLogger - Using platform encoding (Cp1252 actually) to copy filtered resources, i.e. build is platform dependent!
